  
  -> Initialisation  
Warning: normal vector of panel      71 points towards the x axis
 
Warning: normal vector of panel      72 points towards the x axis
 
Warning: normal vector of panel      73 points towards the x axis
 
Warning: normal vector of panel      74 points towards the x axis
 
Warning: normal vector of panel      75 points towards the x axis
 
Warning: normal vector of panel     146 points towards the x axis
 
Warning: normal vector of panel     147 points towards the x axis
 
Warning: normal vector of panel     148 points towards the x axis
 
Warning: normal vector of panel     149 points towards the x axis
 
Warning: normal vector of panel     150 points towards the x axis
 
Warning: normal vector of panel     151 points towards the x axis
 
Warning: normal vector of panel     166 points towards the x axis
. . Done !
  
  -> Solve BVPs and calculate forces 
  
 Problem     1 /   150 . . Done !
 Problem     2 /   150 . . Done !
 Problem     3 /   150 . . Done !
 Problem     4 /   150 . . Done !
 Problem     5 /   150 . . Done !
 Problem     6 /   150 . . Done !
 Problem     7 /   150 . . Done !
 Problem     8 /   150 . . Done !
 Problem     9 /   150 . . Done !
 Problem    10 /   150 . . Done !
 Problem    11 /   150 . . Done !
 Problem    12 /   150 . . Done !
 Problem    13 /   150 . . Done !
 Problem    14 /   150 . . Done !
 Problem    15 /   150 . . Done !
 Problem    16 /   150 . . Done !
 Problem    17 /   150 . . Done !
 Problem    18 /   150 . . Done !
 Problem    19 /   150 . . Done !
 Problem    20 /   150 . . Done !
 Problem    21 /   150 . . Done !
 Problem    22 /   150 . . Done !
 Problem    23 /   150 . . Done !
 Problem    24 /   150 . . Done !
 Problem    25 /   150 . . Done !
 Problem    26 /   150 . . Done !
 Problem    27 /   150 . . Done !
 Problem    28 /   150 . . Done !
 Problem    29 /   150 . . Done !
 Problem    30 /   150 . . Done !
 Problem    31 /   150 . . Done !
 Problem    32 /   150 . . Done !
 Problem    33 /   150 . . Done !
 Problem    34 /   150 . . Done !
 Problem    35 /   150 . . Done !
 Problem    36 /   150 . . Done !
 Problem    37 /   150 . . Done !
 Problem    38 /   150 . . Done !
 Problem    39 /   150 . . Done !
 Problem    40 /   150 . . Done !
 Problem    41 /   150 . . Done !
 Problem    42 /   150 . . Done !
 Problem    43 /   150 . . Done !
 Problem    44 /   150 . . Done !
 Problem    45 /   150 . . Done !
 Problem    46 /   150 . . Done !
 Problem    47 /   150 . . Done !
 Problem    48 /   150 . . Done !
 Problem    49 /   150 . . Done !
 Problem    50 /   150 . . Done !
 Problem    51 /   150 . . Done !
 Problem    52 /   150 . . Done !
 Problem    53 /   150 . . Done !
 Problem    54 /   150 . . Done !
 Problem    55 /   150 . . Done !
 Problem    56 /   150 . . Done !
 Problem    57 /   150 . . Done !
 Problem    58 /   150 . . Done !
 Problem    59 /   150 . . Done !
 Problem    60 /   150 . . Done !
 Problem    61 /   150 . . Done !
 Problem    62 /   150 . . Done !
 Problem    63 /   150 . . Done !
 Problem    64 /   150 . . Done !
 Problem    65 /   150 . . Done !
 Problem    66 /   150 . . Done !
 Problem    67 /   150 . . Done !
 Problem    68 /   150 . . Done !
 Problem    69 /   150 . . Done !
 Problem    70 /   150 . . Done !
 Problem    71 /   150 . . Done !
 Problem    72 /   150 . . Done !
 Problem    73 /   150 . . Done !
 Problem    74 /   150 . . Done !
 Problem    75 /   150 . . Done !
 Problem    76 /   150 . . Done !
 Problem    77 /   150 . . Done !
 Problem    78 /   150 . . Done !
 Problem    79 /   150 . . Done !
 Problem    80 /   150 . . Done !
 Problem    81 /   150 . . Done !
 Problem    82 /   150 . . Done !
 Problem    83 /   150 . . Done !
 Problem    84 /   150 . . Done !
 Problem    85 /   150 . . Done !
 Problem    86 /   150 . . Done !
 Problem    87 /   150 . . Done !
 Problem    88 /   150 . . Done !
 Problem    89 /   150 . . Done !
 Problem    90 /   150 . . Done !
 Problem    91 /   150 . . Done !
 Problem    92 /   150 . . Done !
 Problem    93 /   150 . . Done !
 Problem    94 /   150 . . Done !
 Problem    95 /   150 . . Done !
 Problem    96 /   150 . . Done !
 Problem    97 /   150 . . Done !
 Problem    98 /   150 . . Done !
 Problem    99 /   150 . . Done !
 Problem   100 /   150 . . Done !
 Problem   101 /   150 . . Done !
 Problem   102 /   150 . . Done !
 Problem   103 /   150 . . Done !
 Problem   104 /   150 . . Done !
 Problem   105 /   150 . . Done !
 Problem   106 /   150 . . Done !
 Problem   107 /   150 . . Done !
 Problem   108 /   150 . . Done !
 Problem   109 /   150 . . Done !
 Problem   110 /   150 . . Done !
 Problem   111 /   150 . . Done !
 Problem   112 /   150 . . Done !
 Problem   113 /   150 . . Done !
 Problem   114 /   150 . . Done !
 Problem   115 /   150 . . Done !
 Problem   116 /   150 . . Done !
 Problem   117 /   150 . . Done !
 Problem   118 /   150 . . Done !
 Problem   119 /   150 . . Done !
 Problem   120 /   150 . . Done !
 Problem   121 /   150 . . Done !
 Problem   122 /   150 . . Done !
 Problem   123 /   150 . . Done !
 Problem   124 /   150 . . Done !
 Problem   125 /   150 . . Done !
 Problem   126 /   150 . . Done !
 Problem   127 /   150 . . Done !
 Problem   128 /   150 . . Done !
 Problem   129 /   150 . . Done !
 Problem   130 /   150 . . Done !
 Problem   131 /   150 . . Done !
 Problem   132 /   150 . . Done !
 Problem   133 /   150 . . Done !
 Problem   134 /   150 . . Done !
 Problem   135 /   150 . . Done !
 Problem   136 /   150 . . Done !
 Problem   137 /   150 . . Done !
 Problem   138 /   150 . . Done !
 Problem   139 /   150 . . Done !
 Problem   140 /   150 . . Done !
 Problem   141 /   150 . . Done !
 Problem   142 /   150 . . Done !
 Problem   143 /   150 . . Done !
 Problem   144 /   150 . . Done !
 Problem   145 /   150 . . Done !
 Problem   146 /   150 . . Done !
 Problem   147 /   150 . . Done !
 Problem   148 /   150 . . Done !
 Problem   149 /   150 . . Done !
 Problem   150 /   150 . . Done !
  
  -> Save results 
  
